Juicevendingmachine1/app/build/outputs/logs/manifest-merger-debug-report.txt
-- Merging decision tree log ---
manifest
ADDED from src\main\AndroidManifest.xml:2:1-238:12
	package
		ADDED from src\main\AndroidManifest.xml:4:5-34
		INJECTED from src\main\AndroidManifest.xml
		INJECTED from src\main\AndroidManifest.xml
	android:versionName
		ADDED from src\main\AndroidManifest.xml:6:5-30
		INJECTED from src\main\AndroidManifest.xml
		INJECTED from src\main\AndroidManifest.xml
	xmlns:tools
		ADDED from src\main\AndroidManifest.xml:3:5-51
	android:versionCode
		ADDED from src\main\AndroidManifest.xml:5:5-28
		INJECTED from src\main\AndroidManifest.xml
		INJECTED from src\main\AndroidManifest.xml
	xmlns:android
		ADDED from src\main\AndroidManifest.xml:2:11-69
uses-sdk
ADDED from src\main\AndroidManifest.xml:8:5-10:41
MERGED from [com.android.support:appcompat-v7:25.3.1] AndroidManifest.xml:21:5-23:78
MERGED from [com.android.support:animated-vector-drawable:25.3.1] AndroidManifest.xml:20:5-44
MERGED from [com.android.support:support-vector-drawable:25.3.1] AndroidManifest.xml:20:5-43
MERGED from [com.github.traex.rippleeffect:library:1.3] AndroidManifest.xml:8:5-10:41
MERGED from [Juicevendingmachine1:libraryS:unspecified] AndroidManifest.xml:7:5-9:41
MERGED from [com.android.support.constraint:constraint-layout:1.0.2] AndroidManifest.xml:5:5-7:41
MERGED from [com.android.support:support-v4:25.3.1] AndroidManifest.xml:21:5-23:54
MERGED from [com.android.support:support-fragment:25.3.1] AndroidManifest.xml:21:5-23:60
MERGED from [com.android.support:support-media-compat:25.3.1] AndroidManifest.xml:21:5-23:63
MERGED from [com.android.support:support-core-ui:25.3.1] AndroidManifest.xml:21:5-23:58
MERGED from [com.android.support:support-core-utils:25.3.1] AndroidManifest.xml:21:5-23:61
MERGED from [com.android.support:support-compat:25.3.1] AndroidManifest.xml:21:5-23:58
	tools:overrideLibrary
		ADDED from [com.android.support:appcompat-v7:25.3.1] AndroidManifest.xml:23:9-75
	android:targetSdkVersion
		ADDED from src\main\AndroidManifest.xml:10:9-38
		INJECTED from src\main\AndroidManifest.xml
		INJECTED from src\main\AndroidManifest.xml
	android:minSdkVersion
		ADDED from src\main\AndroidManifest.xml:9:9-35
		INJECTED from src\main\AndroidManifest.xml
		INJECTED from src\main\AndroidManifest.xml
uses-permission#android.permission.ACCESS_NETWORK_STATE
ADDED from src\main\AndroidManifest.xml:19:5-79
	android:name
		ADDED from src\main\AndroidManifest.xml:19:22-76
uses-permission#android.permission.ACCESS_WIFI_STATE
ADDED from src\main\AndroidManifest.xml:20:5-76
	android:name
		ADDED from src\main\AndroidManifest.xml:20:22-73
uses-permission#android.permission.INTERNET
ADDED from src\main\AndroidManifest.xml:21:5-67
	android:name
		ADDED from src\main\AndroidManifest.xml:21:22-64
uses-permission#android.permission.WRITE_EXTERNAL_STORAGE
ADDED from src\main\AndroidManifest.xml:23:5-81
	android:name
		ADDED from src\main\AndroidManifest.xml:23:22-78
uses-permission#android.permission.READ_PHONE_STATE
ADDED from src\main\AndroidManifest.xml:25:5-75
	android:name
		ADDED from src\main\AndroidManifest.xml:25:22-72
uses-permission#android.permission.READ_EXTERNAL_STORAGE
ADDED from src\main\AndroidManifest.xml:31:5-80
	android:name
		ADDED from src\main\AndroidManifest.xml:31:22-77
uses-permission#android.permission.ACCESS_FINE_LOCATION
ADDED from src\main\AndroidManifest.xml:33:5-79
	android:name
		ADDED from src\main\AndroidManifest.xml:33:22-76
uses-permission#android.permission.MOUNT_UNMOUNT_FILESYSTEMS
ADDED from src\main\AndroidManifest.xml:34:5-84
	android:name
		ADDED from src\main\AndroidManifest.xml:34:22-81
uses-permission#android.permission.CHANGE_WIFI_STATE
ADDED from src\main\AndroidManifest.xml:36:5-76
	android:name
		ADDED from src\main\AndroidManifest.xml:36:22-73
uses-permission#android.permission.CHANGE_NETWORK_STATE
ADDED from src\main\AndroidManifest.xml:37:5-79
	android:name
		ADDED from src\main\AndroidManifest.xml:37:22-76
uses-permission#android.permission.WAKE_LOCK
ADDED from src\main\AndroidManifest.xml:42:5-68
	android:name
		ADDED from src\main\AndroidManifest.xml:42:22-65
uses-permission#android.permission.READ_SMS
ADDED from src\main\AndroidManifest.xml:43:5-67
	android:name
		ADDED from src\main\AndroidManifest.xml:43:22-64
uses-permission#android.permission.CHANGE_WIFI_MULTICAST_STATE
ADDED from src\main\AndroidManifest.xml:45:5-86
	android:name
		ADDED from src\main\AndroidManifest.xml:45:22-83
uses-permission#android.permission.CAMERA
ADDED from src\main\AndroidManifest.xml:48:5-65
	android:name
		ADDED from src\main\AndroidManifest.xml:48:22-62
uses-permission#android.permission.VIBRATE
ADDED from src\main\AndroidManifest.xml:50:5-66
	android:name
		ADDED from src\main\AndroidManifest.xml:50:22-63
uses-permission#android.permission.FLASHLIGHT
ADDED from src\main\AndroidManifest.xml:51:5-69
	android:name
		ADDED from src\main\AndroidManifest.xml:51:22-66
uses-permission#android.permission.READ_CONTACTS
ADDED from src\main\AndroidManifest.xml:52:5-72
	android:name
		ADDED from src\main\AndroidManifest.xml:52:22-69
uses-permission#com.android.browser.permission.READ_HISTORY_BOOKMARKS
ADDED from src\main\AndroidManifest.xml:54:5-93
	android:name
		ADDED from src\main\AndroidManifest.xml:54:22-90
uses-permission#com.example.broadcast.permission
ADDED from src\main\AndroidManifest.xml:58:5-72
	android:name
		ADDED from src\main\AndroidManifest.xml:58:22-69
permission#com.example.broadcast.permission
ADDED from src\main\AndroidManifest.xml:60:5-62:44
	android:protectionLevel
		ADDED from src\main\AndroidManifest.xml:62:9-41
	android:name
		ADDED from src\main\AndroidManifest.xml:61:9-56
uses-feature#android.hardware.camera.any
ADDED from src\main\AndroidManifest.xml:64:5-64
	android:name
		ADDED from src\main\AndroidManifest.xml:64:19-61
uses-feature#android.hardware.camera.autofocus
ADDED from src\main\AndroidManifest.xml:65:5-67:36
	android:required
		ADDED from src\main\AndroidManifest.xml:67:9-33
	android:name
		ADDED from src\main\AndroidManifest.xml:66:9-57
uses-feature#android.hardware.camera.flash
ADDED from src\main\AndroidManifest.xml:68:5-70:36
	android:required
		ADDED from src\main\AndroidManifest.xml:70:9-33
	android:name
		ADDED from src\main\AndroidManifest.xml:69:9-53
uses-feature#android.hardware.screen.landscape
ADDED from src\main\AndroidManifest.xml:71:5-70
	android:name
		ADDED from src\main\AndroidManifest.xml:71:19-67
uses-feature#android.hardware.wifi
ADDED from src\main\AndroidManifest.xml:72:5-74:36
	android:required
		ADDED from src\main\AndroidManifest.xml:74:9-33
	android:name
		ADDED from src\main\AndroidManifest.xml:73:9-45
application
ADDED from src\main\AndroidManifest.xml:76:5-236:19
MERGED from [com.android.support:appcompat-v7:25.3.1] AndroidManifest.xml:29:5-20
MERGED from [com.android.support:animated-vector-drawable:25.3.1] AndroidManifest.xml:26:5-20
MERGED from [com.android.support:support-vector-drawable:25.3.1] AndroidManifest.xml:26:5-20
MERGED from [com.github.traex.rippleeffect:library:1.3] AndroidManifest.xml:12:5-20
MERGED from [Juicevendingmachine1:libraryS:unspecified] AndroidManifest.xml:11:5-28:19
MERGED from [com.android.support.constraint:constraint-layout:1.0.2] AndroidManifest.xml:9:5-20
MERGED from [com.android.support:support-v4:25.3.1] AndroidManifest.xml:29:5-20
MERGED from [com.android.support:support-fragment:25.3.1] AndroidManifest.xml:29:5-20
MERGED from [com.android.support:support-media-compat:25.3.1] AndroidManifest.xml:29:5-20
MERGED from [com.android.support:support-core-ui:25.3.1] AndroidManifest.xml:29:5-20
MERGED from [com.android.support:support-core-utils:25.3.1] AndroidManifest.xml:29:5-20
MERGED from [com.android.support:support-compat:25.3.1] AndroidManifest.xml:29:5-20
	android:label
		ADDED from src\main\AndroidManifest.xml:79:9-41
	android:supportsRtl
		ADDED from [Juicevendingmachine1:libraryS:unspecified] AndroidManifest.xml:16:9-35
	android:roundIcon
		ADDED from [Juicevendingmachine1:libraryS:unspecified] AndroidManifest.xml:15:9-54
	android:allowBackup
		ADDED from src\main\AndroidManifest.xml:77:9-35
	android:icon
		ADDED from src\main\AndroidManifest.xml:78:9-39
		REJECTED from [Juicevendingmachine1:libraryS:unspecified] AndroidManifest.xml:13:9-43
	android:theme
		ADDED from src\main\AndroidManifest.xml:80:9-40
	tools:replace
		ADDED from src\main\AndroidManifest.xml:81:9-37
activity#com.aircontrol.demo.ui.SplashActivity
ADDED from src\main\AndroidManifest.xml:82:9-92:20
	android:screenOrientation
		ADDED from src\main\AndroidManifest.xml:85:13-49
	android:label
		ADDED from src\main\AndroidManifest.xml:84:13-45
	android:theme
		ADDED from src\main\AndroidManifest.xml:86:13-51
	android:name
		ADDED from src\main\AndroidManifest.xml:83:13-46
intent-filter#android.intent.action.MAIN+android.intent.category.LAUNCHER
ADDED from src\main\AndroidManifest.xml:87:13-91:29
action#android.intent.action.MAIN
ADDED from src\main\AndroidManifest.xml:88:17-69
	android:name
		ADDED from src\main\AndroidManifest.xml:88:25-66
category#android.intent.category.LAUNCHER
ADDED from src\main\AndroidManifest.xml:90:17-77
	android:name
		ADDED from src\main\AndroidManifest.xml:90:27-74
activity#cn.bmob.pay.v3.act.PayAct
ADDED from src\main\AndroidManifest.xml:93:9-62
	android:name
		ADDED from src\main\AndroidManifest.xml:93:19-59
activity#com.google.zxing.client.android.CaptureActivity
ADDED from src\main\AndroidManifest.xml:95:9-155:20
	android:clearTaskOnLaunch
		ADDED from src\main\AndroidManifest.xml:97:13-45
	android:screenOrientation
		ADDED from src\main\AndroidManifest.xml:98:13-49
	android:stateNotNeeded
		ADDED from src\main\AndroidManifest.xml:99:13-42
	android:windowSoftInputMode
		ADDED from src\main\AndroidManifest.xml:101:13-60
	android:theme
		ADDED from src\main\AndroidManifest.xml:100:13-48
	android:name
		ADDED from src\main\AndroidManifest.xml:96:13-75
intent-filter#android.intent.category.DEFAULT+com.google.zxing.client.android.SCAN
ADDED from src\main\AndroidManifest.xml:102:13-106:29
action#com.google.zxing.client.android.SCAN
ADDED from src\main\AndroidManifest.xml:103:17-79
	android:name
		ADDED from src\main\AndroidManifest.xml:103:25-76
category#android.intent.category.DEFAULT
ADDED from src\main\AndroidManifest.xml:105:17-76
	android:name
		ADDED from src\main\AndroidManifest.xml:105:27-73
intent-filter#android.intent.action.VIEW+android.intent.category.BROWSABLE+android.intent.category.DEFAULT
ADDED from src\main\AndroidManifest.xml:108:13-118:29
action#android.intent.action.VIEW
ADDED from src\main\AndroidManifest.xml:109:17-69
	android:name
		ADDED from src\main\AndroidManifest.xml:109:25-66
category#android.intent.category.BROWSABLE
ADDED from src\main\AndroidManifest.xml:112:17-78
	android:name
		ADDED from src\main\AndroidManifest.xml:112:27-75
data
ADDED from src\main\AndroidManifest.xml:114:17-117:45
	android:path
		ADDED from src\main\AndroidManifest.xml:116:21-41
	android:host
		ADDED from src\main\AndroidManifest.xml:115:21-53
	android:scheme
		ADDED from src\main\AndroidManifest.xml:117:21-42
activity#com.google.zxing.client.android.PreferencesActivity
ADDED from src\main\AndroidManifest.xml:156:9-159:45
	android:label
		ADDED from src\main\AndroidManifest.xml:158:13-53
	android:stateNotNeeded
		ADDED from src\main\AndroidManifest.xml:159:13-42
	android:name
		ADDED from src\main\AndroidManifest.xml:157:13-79
activity#com.google.zxing.client.android.encode.EncodeActivity
ADDED from src\main\AndroidManifest.xml:160:9-184:20
	android:stateNotNeeded
		ADDED from src\main\AndroidManifest.xml:162:13-42
	android:name
		ADDED from src\main\AndroidManifest.xml:161:13-81
intent-filter#android.intent.category.DEFAULT+com.google.zxing.client.android.ENCODE
ADDED from src\main\AndroidManifest.xml:163:13-167:29
action#com.google.zxing.client.android.ENCODE
ADDED from src\main\AndroidManifest.xml:164:17-81
	android:name
		ADDED from src\main\AndroidManifest.xml:164:25-78
intent-filter#android.intent.action.SEND+android.intent.category.DEFAULT
ADDED from src\main\AndroidManifest.xml:169:13-175:29
action#android.intent.action.SEND
ADDED from src\main\AndroidManifest.xml:170:17-69
	android:name
		ADDED from src\main\AndroidManifest.xml:170:25-66
activity#com.google.zxing.client.android.book.SearchBookContentsActivity
ADDED from src\main\AndroidManifest.xml:185:9-195:20
	android:screenOrientation
		ADDED from src\main\AndroidManifest.xml:188:13-56
	android:label
		ADDED from src\main\AndroidManifest.xml:187:13-45
	android:stateNotNeeded
		ADDED from src\main\AndroidManifest.xml:189:13-42
	android:name
		ADDED from src\main\AndroidManifest.xml:186:13-91
intent-filter#android.intent.category.DEFAULT+com.google.zxing.client.android.SEARCH_BOOK_CONTENTS
ADDED from src\main\AndroidManifest.xml:190:13-194:29
action#com.google.zxing.client.android.SEARCH_BOOK_CONTENTS
ADDED from src\main\AndroidManifest.xml:191:17-95
	android:name
		ADDED from src\main\AndroidManifest.xml:191:25-92
activity#com.google.zxing.client.android.share.ShareActivity
ADDED from src\main\AndroidManifest.xml:196:9-205:20
	android:screenOrientation
		ADDED from src\main\AndroidManifest.xml:198:13-45
	android:stateNotNeeded
		ADDED from src\main\AndroidManifest.xml:199:13-42
	android:name
		ADDED from src\main\AndroidManifest.xml:197:13-79
intent-filter#android.intent.category.DEFAULT+com.google.zxing.client.android.SHARE
ADDED from src\main\AndroidManifest.xml:200:13-204:29
action#com.google.zxing.client.android.SHARE
ADDED from src\main\AndroidManifest.xml:201:17-80
	android:name
		ADDED from src\main\AndroidManifest.xml:201:25-77
activity#com.google.zxing.client.android.history.HistoryActivity
ADDED from src\main\AndroidManifest.xml:206:9-209:45
	android:label
		ADDED from src\main\AndroidManifest.xml:208:13-50
	android:stateNotNeeded
		ADDED from src\main\AndroidManifest.xml:209:13-42
	android:name
		ADDED from src\main\AndroidManifest.xml:207:13-83
activity#com.google.zxing.client.android.share.BookmarkPickerActivity
ADDED from src\main\AndroidManifest.xml:210:9-213:45
	android:label
		ADDED from src\main\AndroidManifest.xml:212:13-57
	android:stateNotNeeded
		ADDED from src\main\AndroidManifest.xml:213:13-42
	android:name
		ADDED from src\main\AndroidManifest.xml:211:13-88
activity#com.google.zxing.client.android.share.AppPickerActivity
ADDED from src\main\AndroidManifest.xml:214:9-217:45
	android:label
		ADDED from src\main\AndroidManifest.xml:216:13-52
	android:stateNotNeeded
		ADDED from src\main\AndroidManifest.xml:217:13-42
	android:name
		ADDED from src\main\AndroidManifest.xml:215:13-83
activity#com.google.zxing.client.android.HelpActivity
ADDED from src\main\AndroidManifest.xml:218:9-222:45
	android:screenOrientation
		ADDED from src\main\AndroidManifest.xml:221:13-45
	android:label
		ADDED from src\main\AndroidManifest.xml:220:13-46
	android:stateNotNeeded
		ADDED from src\main\AndroidManifest.xml:222:13-42
	android:name
		ADDED from src\main\AndroidManifest.xml:219:13-72
service#com.aircontrol.demo.services.test
ADDED from src\main\AndroidManifest.xml:224:9-227:40
	android:enabled
		ADDED from src\main\AndroidManifest.xml:226:13-35
	android:process
		ADDED from src\main\AndroidManifest.xml:227:13-37
	android:name
		ADDED from src\main\AndroidManifest.xml:225:13-42
activity#com.aircontrol.demo.ui.goodsActivity
ADDED from src\main\AndroidManifest.xml:229:9-231:74
	android:theme
		ADDED from src\main\AndroidManifest.xml:231:13-62
	android:name
		ADDED from src\main\AndroidManifest.xml:230:13-45
activity#com.aircontrol.demo.ui.FunctionActivity
ADDED from src\main\AndroidManifest.xml:232:9-57
	android:name
		ADDED from src\main\AndroidManifest.xml:232:19-54
activity#com.aircontrol.demo.ui.payOptionActivity
ADDED from src\main\AndroidManifest.xml:233:9-58
	android:name
		ADDED from src\main\AndroidManifest.xml:233:19-55
activity#com.aircontrol.demo.ui.alipayActivity
ADDED from src\main\AndroidManifest.xml:234:9-55
	android:name
		ADDED from src\main\AndroidManifest.xml:234:19-52
activity#com.aircontrol.demo.ui.shopgoodsActivity
ADDED from src\main\AndroidManifest.xml:235:9-67
	android:name
		ADDED from src\main\AndroidManifest.xml:235:19-55
meta-data#android.support.VERSION
ADDED from [com.android.support:appcompat-v7:25.3.1] AndroidManifest.xml:25:5-27:34
MERGED from [com.android.support:animated-vector-drawable:25.3.1] AndroidManifest.xml:22:5-24:34
MERGED from [com.android.support:support-vector-drawable:25.3.1] AndroidManifest.xml:22:5-24:34
MERGED from [com.android.support:support-v4:25.3.1] AndroidManifest.xml:25:5-27:34
MERGED from [com.android.support:support-fragment:25.3.1] AndroidManifest.xml:25:5-27:34
MERGED from [com.android.support:support-media-compat:25.3.1] AndroidManifest.xml:25:5-27:34
MERGED from [com.android.support:support-core-ui:25.3.1] AndroidManifest.xml:25:5-27:34
MERGED from [com.android.support:support-core-utils:25.3.1] AndroidManifest.xml:25:5-27:34
MERGED from [com.android.support:support-compat:25.3.1] AndroidManifest.xml:25:5-27:34
	android:value
		ADDED from [com.android.support:appcompat-v7:25.3.1] AndroidManifest.xml:27:9-31
	android:name
		ADDED from [com.android.support:appcompat-v7:25.3.1] AndroidManifest.xml:26:9-47